<?xml version="1.0" encoding="UTF-8"?>
<!-- Generated by org.testng.reporters.JUnitXMLReporter -->
<testsuite ignored="0" hostname="NAG1-LHP-N76279" failures="0" tests="4" name="Default test" time="50.669" errors="0" timestamp="2022-07-21T11:43:01 IST">
  <testcase classname="testCases.ZomatoSearch" name="search" time="10.664"/>
  <testcase classname="testCases.ZomatoSearch" name="search" time="11.788"/>
  <testcase classname="testCases.ZomatoSearch" name="search" time="11.839"/>
  <testcase classname="testCases.ZomatoSearch" name="search" time="9.054"/>
</testsuite> <!-- Default test -->
