<?xml version="1.0" encoding="UTF-8"?>
<!-- Generated by org.testng.reporters.JUnitXMLReporter -->
<testsuite ignored="0" hostname="NAG1-LHP-N76279" failures="1" tests="1" name="Login2" time="5.185" errors="0" timestamp="2022-07-21T10:19:26 IST">
  <testcase classname="testCases.ZomatoLogin" name="login" time="3.29">
    <failure type="java.lang.AssertionError" message="expected [false] but found [true]">
      <![CDATA[java.lang.AssertionError: expected [false] but found [true]
at testCases.ZomatoLogin.login(ZomatoLogin.java:52)
at java.base/java.util.ArrayList.forEach(ArrayList.java:1511)
... Removed 33 stack frames]]>
    </failure>
  </testcase> <!-- login -->
</testsuite> <!-- Login2 -->
