<?xml version="1.0" encoding="UTF-8"?>
<!-- Generated by org.testng.reporters.JUnitXMLReporter -->
<testsuite ignored="0" hostname="NAG1-LHP-N76279" failures="0" tests="4" name="Search" time="46.411" errors="0" timestamp="2022-07-21T10:20:20 IST">
  <testcase classname="testCases.ZomatoSearch" name="search" time="9.701"/>
  <testcase classname="testCases.ZomatoSearch" name="search" time="10.299"/>
  <testcase classname="testCases.ZomatoSearch" name="search" time="10.629"/>
  <testcase classname="testCases.ZomatoSearch" name="search" time="8.569"/>
</testsuite> <!-- Search -->
